<?xml version="1.0" encoding="UTF-8"?>
<testng-results skipped="0" failed="0" ignored="0" total="1" passed="1">
  <reporter-output>
  </reporter-output>
  <suite name="BankingSystem" duration-ms="23323" started-at="2019-04-08T10:42:57Z" finished-at="2019-04-08T10:43:20Z">
    <groups>
    </groups>
    <test name="BankingApp Test" duration-ms="23323" started-at="2019-04-08T10:42:57Z" finished-at="2019-04-08T10:43:20Z">
      <class name="com.testcases.TC_Login_001">
        <test-method status="PASS" signature="setup(java.lang.String)[pri:0, instance:com.testcases.TC_Login_001@101b7af]" name="setup" is-config="true" duration-ms="10084" started-at="2019-04-08T16:12:57Z" finished-at="2019-04-08T16:13:07Z">
          <params>
            <param index="0">
              <value>
                <![CDATA[chrome]]>
              </value>
            </param>
          </params>
          <reporter-output>
          </reporter-output>
        </test-method> <!-- setup -->
        <test-method status="PASS" signature="loginTest()[pri:0, instance:com.testcases.TC_Login_001@101b7af]" name="loginTest" duration-ms="12146" started-at="2019-04-08T16:13:07Z" finished-at="2019-04-08T16:13:20Z">
          <reporter-output>
          </reporter-output>
        </test-method> <!-- loginTest -->
        <test-method status="PASS" signature="tearDown()[pri:0, instance:com.testcases.TC_Login_001@101b7af]" name="tearDown" is-config="true" duration-ms="797" started-at="2019-04-08T16:13:20Z" finished-at="2019-04-08T16:13:20Z">
          <reporter-output>
          </reporter-output>
        </test-method> <!-- tearDown -->
      </class> <!-- com.testcases.TC_Login_001 -->
    </test> <!-- BankingApp Test -->
  </suite> <!-- BankingSystem -->
</testng-results>
